<?xml version="1.0" encoding="UTF-8"?>
<testng-results ignored="0" total="9" passed="9" failed="0" skipped="0">
  <reporter-output>
  </reporter-output>
  <suite started-at="2026-04-05T03:08:40 IST" name="Default suite" finished-at="2026-04-05T03:08:54 IST" duration-ms="14017">
    <groups>
    </groups>
    <test started-at="2026-04-05T03:08:40 IST" name="Default test" finished-at="2026-04-05T03:08:54 IST" duration-ms="14017">
      <class name="com.aurazone.aurazone_automations.EndToEndPurchaseTest">
        <test-method is-config="true" signature="setUp()[pri:0, instance:com.aurazone.aurazone_automations.EndToEndPurchaseTest@179ece50]" started-at="2026-04-05T03:08:40 IST" name="setUp" finished-at="2026-04-05T03:08:44 IST" duration-ms="3773" status="PASS">
          <reporter-output>
          </reporter-output>
        </test-method> <!-- setUp -->
        <test-method signature="verifyHomepageLoads()[pri:1, instance:com.aurazone.aurazone_automations.EndToEndPurchaseTest@179ece50]" started-at="2026-04-05T03:08:44 IST" name="verifyHomepageLoads" finished-at="2026-04-05T03:08:44 IST" duration-ms="595" status="PASS">
          <reporter-output>
          </reporter-output>
        </test-method> <!-- verifyHomepageLoads -->
        <test-method signature="navigateToProductsPage()[pri:2, instance:com.aurazone.aurazone_automations.EndToEndPurchaseTest@179ece50]" started-at="2026-04-05T03:08:44 IST" name="navigateToProductsPage" finished-at="2026-04-05T03:08:45 IST" duration-ms="826" status="PASS">
          <reporter-output>
          </reporter-output>
        </test-method> <!-- navigateToProductsPage -->
        <test-method signature="selectProduct()[pri:3, instance:com.aurazone.aurazone_automations.EndToEndPurchaseTest@179ece50]" started-at="2026-04-05T03:08:45 IST" name="selectProduct" finished-at="2026-04-05T03:08:48 IST" duration-ms="2443" status="PASS">
          <reporter-output>
          </reporter-output>
        </test-method> <!-- selectProduct -->
        <test-method signature="addToCart()[pri:4, instance:com.aurazone.aurazone_automations.EndToEndPurchaseTest@179ece50]" started-at="2026-04-05T03:08:48 IST" name="addToCart" finished-at="2026-04-05T03:08:48 IST" duration-ms="412" status="PASS">
          <reporter-output>
          </reporter-output>
        </test-method> <!-- addToCart -->
        <test-method signature="goToCart()[pri:5, instance:com.aurazone.aurazone_automations.EndToEndPurchaseTest@179ece50]" started-at="2026-04-05T03:08:48 IST" name="goToCart" finished-at="2026-04-05T03:08:49 IST" duration-ms="527" status="PASS">
          <reporter-output>
          </reporter-output>
        </test-method> <!-- goToCart -->
        <test-method signature="proceedToCheckout()[pri:6, instance:com.aurazone.aurazone_automations.EndToEndPurchaseTest@179ece50]" started-at="2026-04-05T03:08:49 IST" name="proceedToCheckout" finished-at="2026-04-05T03:08:51 IST" duration-ms="2679" status="PASS">
          <reporter-output>
          </reporter-output>
        </test-method> <!-- proceedToCheckout -->
        <test-method signature="fillDeliveryAddress()[pri:7, instance:com.aurazone.aurazone_automations.EndToEndPurchaseTest@179ece50]" started-at="2026-04-05T03:08:51 IST" name="fillDeliveryAddress" finished-at="2026-04-05T03:08:53 IST" duration-ms="1555" status="PASS">
          <reporter-output>
          </reporter-output>
        </test-method> <!-- fillDeliveryAddress -->
        <test-method signature="selectCashOnDelivery()[pri:8, instance:com.aurazone.aurazone_automations.EndToEndPurchaseTest@179ece50]" started-at="2026-04-05T03:08:53 IST" name="selectCashOnDelivery" finished-at="2026-04-05T03:08:53 IST" duration-ms="421" status="PASS">
          <reporter-output>
          </reporter-output>
        </test-method> <!-- selectCashOnDelivery -->
        <test-method signature="placeOrder()[pri:9, instance:com.aurazone.aurazone_automations.EndToEndPurchaseTest@179ece50]" started-at="2026-04-05T03:08:53 IST" name="placeOrder" finished-at="2026-04-05T03:08:54 IST" duration-ms="405" status="PASS">
          <reporter-output>
          </reporter-output>
        </test-method> <!-- placeOrder -->
        <test-method is-config="true" signature="tearDown()[pri:0, instance:com.aurazone.aurazone_automations.EndToEndPurchaseTest@179ece50]" started-at="2026-04-05T03:08:54 IST" name="tearDown" finished-at="2026-04-05T03:08:54 IST" duration-ms="304" status="PASS">
          <reporter-output>
          </reporter-output>
        </test-method> <!-- tearDown -->
      </class> <!-- com.aurazone.aurazone_automations.EndToEndPurchaseTest -->
    </test> <!-- Default test -->
  </suite> <!-- Default suite -->
</testng-results>
