<?xml version="1.0" encoding="UTF-8"?>
<!-- Generated by org.testng.reporters.JUnitReportReporter -->
<testsuite hostname="Loosers" failures="0" tests="1" name="com.aurazone.aurazone_automations.Apply_filter_bug" time="15.184" errors="0" timestamp="2026-04-04T18:33:56 IST" skipped="0">
  <testcase classname="com.aurazone.aurazone_automations.Apply_filter_bug" name="test_InvalidPriceRange_FilterShouldNotApply" time="15.184"/>
</testsuite> <!-- com.aurazone.aurazone_automations.Apply_filter_bug -->
