<?xml version="1.0" encoding="UTF-8"?>
<!-- Generated by org.testng.reporters.JUnitReportReporter -->
<testsuite hostname="Loosers" failures="0" tests="2" name="com.aurazone.aurazone_automations.ForgotPasswordNegativeTest" time="14.447" errors="0" timestamp="2026-04-05T02:23:07 IST" skipped="0">
  <testcase classname="com.aurazone.aurazone_automations.ForgotPasswordNegativeTest" name="testInvalidEmailForgotPassword" time="6.966"/>
  <testcase classname="com.aurazone.aurazone_automations.ForgotPasswordNegativeTest" name="testEmptyEmailForgotPassword" time="7.481"/>
</testsuite> <!-- com.aurazone.aurazone_automations.ForgotPasswordNegativeTest -->
