<?xml version="1.0" encoding="UTF-8"?>
<!-- Generated by org.testng.reporters.JUnitReportReporter -->
<testsuite hostname="Loosers" failures="0" tests="9" name="com.aurazone.aurazone_automations.EndToEndPurchaseTest" time="9.863" errors="0" timestamp="2026-04-05T03:08:54 IST" skipped="0">
  <testcase classname="com.aurazone.aurazone_automations.EndToEndPurchaseTest" name="verifyHomepageLoads" time="0.595"/>
  <testcase classname="com.aurazone.aurazone_automations.EndToEndPurchaseTest" name="navigateToProductsPage" time="0.826"/>
  <testcase classname="com.aurazone.aurazone_automations.EndToEndPurchaseTest" name="selectProduct" time="2.443"/>
  <testcase classname="com.aurazone.aurazone_automations.EndToEndPurchaseTest" name="addToCart" time="0.412"/>
  <testcase classname="com.aurazone.aurazone_automations.EndToEndPurchaseTest" name="goToCart" time="0.527"/>
  <testcase classname="com.aurazone.aurazone_automations.EndToEndPurchaseTest" name="proceedToCheckout" time="2.679"/>
  <testcase classname="com.aurazone.aurazone_automations.EndToEndPurchaseTest" name="fillDeliveryAddress" time="1.555"/>
  <testcase classname="com.aurazone.aurazone_automations.EndToEndPurchaseTest" name="selectCashOnDelivery" time="0.421"/>
  <testcase classname="com.aurazone.aurazone_automations.EndToEndPurchaseTest" name="placeOrder" time="0.405"/>
</testsuite> <!-- com.aurazone.aurazone_automations.EndToEndPurchaseTest -->
