<?xml version="1.0" encoding="UTF-8"?>
<!-- Generated by org.testng.reporters.JUnitReportReporter -->
<testsuite hostname="Loosers" failures="0" tests="3" name="com.aurazone.aurazone_automations.LoginTest" time="26.047" errors="0" timestamp="2026-04-05T02:23:07 IST" skipped="0">
  <testcase classname="com.aurazone.aurazone_automations.LoginTest" name="testLoginWithInvalidPassword" time="8.436"/>
  <testcase classname="com.aurazone.aurazone_automations.LoginTest" name="testLoginWithverifiedAccount" time="9.248"/>
  <testcase classname="com.aurazone.aurazone_automations.LoginTest" name="testLoginWithUnverifiedAccount" time="8.363"/>
</testsuite> <!-- com.aurazone.aurazone_automations.LoginTest -->
