<?xml version="1.0" encoding="UTF-8"?>
<!-- Generated by org.testng.reporters.JUnitReportReporter -->
<testsuite hostname="Loosers" failures="0" tests="1" name="com.aurazone.aurazone_automations.ForgotPasswordInvalidEmailTest" time="2.057" errors="0" timestamp="2026-04-04T18:37:34 IST" skipped="0">
  <testcase classname="com.aurazone.aurazone_automations.ForgotPasswordInvalidEmailTest" name="test" time="2.057"/>
</testsuite> <!-- com.aurazone.aurazone_automations.ForgotPasswordInvalidEmailTest -->
